Found 34 cities.
Check City Page https://calleconomydrainclean.com/wynnewood/
┌─────────┬──────────────────────────────────────────────────────────────┬───────────────────────────────────────────────────────────┐
│ (index) │                             from                             │                            to                             │
├─────────┼──────────────────────────────────────────────────────────────┼───────────────────────────────────────────────────────────┤
│    0    │ 'https://calleconomydrainclean.com/wynnewood/hydro-jetting/' │ 'https://calleconomydrainclean.com/ambler/hydro-jetting/' │
└─────────┴──────────────────────────────────────────────────────────────┴───────────────────────────────────────────────────────────┘
Check City Page https://calleconomydrainclean.com/wyncote/
Check City Page https://calleconomydrainclean.com/willow-grove/
Check City Page https://calleconomydrainclean.com/southhampton/
Check City Page https://calleconomydrainclean.com/richboro/
Check City Page https://calleconomydrainclean.com/philadelphia/
Check City Page https://calleconomydrainclean.com/oreland/
Check City Page https://calleconomydrainclean.com/north-philadelphia/
┌─────────┬────────────────────────────────────────────────────────────────────┬─────────────────────────────────────────────────────────┐
│ (index) │                                from                                │                           to                            │
├─────────┼────────────────────────────────────────────────────────────────────┼─────────────────────────────────────────────────────────┤
│    0    │ 'https://calleconomydrainclean.com/north-philadelphia/slab-leaks/' │ 'https://calleconomydrainclean.com/ardmore/slab-leaks/' │
└─────────┴────────────────────────────────────────────────────────────────────┴─────────────────────────────────────────────────────────┘
Check City Page https://calleconomydrainclean.com/newtown/
Check City Page https://calleconomydrainclean.com/narbeth/
Check City Page https://calleconomydrainclean.com/merion-station/
Check City Page https://calleconomydrainclean.com/maple-glen/
Check City Page https://calleconomydrainclean.com/levittown/
Check City Page https://calleconomydrainclean.com/langhorne/
Check City Page https://calleconomydrainclean.com/jenkintown/
Check City Page https://calleconomydrainclean.com/ivyland/
Check City Page https://calleconomydrainclean.com/horsham/
Check City Page https://calleconomydrainclean.com/hatboro/
Check City Page https://calleconomydrainclean.com/glenside/
Check City Page https://calleconomydrainclean.com/fort-washington/
Check City Page https://calleconomydrainclean.com/flourtown/
Check City Page https://calleconomydrainclean.com/feasterville-trevose/
Check City Page https://calleconomydrainclean.com/fairless-hills/
Check City Page https://calleconomydrainclean.com/elkins-park/
Check City Page https://calleconomydrainclean.com/dresher/
Check City Page https://calleconomydrainclean.com/croydon/
Check City Page https://calleconomydrainclean.com/cornwells-heights/
Check City Page https://calleconomydrainclean.com/bryn-athyn/
Check City Page https://calleconomydrainclean.com/bristol/
Check City Page https://calleconomydrainclean.com/bensalem/
Check City Page https://calleconomydrainclean.com/bala-cynwyd/
┌─────────┬─────────────────────────────────────────────────────────────┬───────────────────────────────────────────────────────────┐
│ (index) │                            from                             │                            to                             │
├─────────┼─────────────────────────────────────────────────────────────┼───────────────────────────────────────────────────────────┤
│    0    │ 'https://calleconomydrainclean.com/bala-cynwyd/sump-pumps/' │ 'https://calleconomydrainclean.com/langhorne/sump-pumps/' │
└─────────┴─────────────────────────────────────────────────────────────┴───────────────────────────────────────────────────────────┘
Check City Page https://calleconomydrainclean.com/ardmore/
┌─────────┬─────────────────────────────────────────────────────────┬───────────────────────────────────────────────────────────┐
│ (index) │                          from                           │                            to                             │
├─────────┼─────────────────────────────────────────────────────────┼───────────────────────────────────────────────────────────┤
│    0    │ 'https://calleconomydrainclean.com/ardmore/sump-pumps/' │ 'https://calleconomydrainclean.com/langhorne/sump-pumps/' │
└─────────┴─────────────────────────────────────────────────────────┴───────────────────────────────────────────────────────────┘
Check City Page https://calleconomydrainclean.com/ambler/
Check City Page https://calleconomydrainclean.com/abington/